<?xml version="1.0" encoding="UTF-8"?>
<!-- Generated by org.testng.reporters.JUnitReportReporter -->
<testsuite hostname="DESKTOP-N6G4972" failures="0" tests="1" name="Testcase.Tc_002_LoginTest" time="6.744" errors="0" timestamp="2025-04-06T21:48:35 IST" skipped="0">
  <testcase classname="Testcase.Tc_002_LoginTest" name="verify_login" time="6.744"/>
</testsuite> <!-- Testcase.Tc_002_LoginTest -->
